build/app/intermediates/manifest_merge_blame_file/release/manifest-merger-blame-release-report.txt
1<?xml version="1.0" encoding="utf-8"?>
2<manifest xmlns:android="http://schemas.android.com/apk/res/android"
3    package="com.example.twsela"
4    android:versionCode="1"
5    android:versionName="1.0.0" >
6
7    <uses-sdk
8        android:minSdkVersion="20"
8-->src\main\AndroidManifest.xml
9        android:targetSdkVersion="33" />
9-->src\main\AndroidManifest.xml
10    <!-- Include required permissions for Google Maps API to run. -->
11    <uses-permission android:name="android.permission.ACCESS_NETWORK_STATE" />
11-->[com.google.android.gms:play-services-maps:18.1.0] AndroidManifest.xml:23:5-79
11-->[com.google.android.gms:play-services-maps:18.1.0] AndroidManifest.xml:23:22-76
12    <uses-permission android:name="android.permission.INTERNET" />
12-->[com.google.android.gms:play-services-maps:18.1.0] AndroidManifest.xml:24:5-67
12-->[com.google.android.gms:play-services-maps:18.1.0] AndroidManifest.xml:24:22-64
13
14    <uses-feature
14-->[com.google.android.gms:play-services-maps:18.1.0] AndroidManifest.xml:26:5-28:35
15        android:glEsVersion="0x00020000"
15-->[com.google.android.gms:play-services-maps:18.1.0] AndroidManifest.xml:27:9-41
16        android:required="true" />
16-->[com.google.android.gms:play-services-maps:18.1.0] AndroidManifest.xml:28:9-32
17
18    <queries>
18-->[com.google.android.gms:play-services-maps:18.1.0] AndroidManifest.xml:30:5-34:15
19
20        <!-- Needs to be explicitly declared on Android R+ -->
21        <package android:name="com.google.android.apps.maps" />
21-->[com.google.android.gms:play-services-maps:18.1.0] AndroidManifest.xml:33:9-64
21-->[com.google.android.gms:play-services-maps:18.1.0] AndroidManifest.xml:33:18-61
22    </queries>
23
24    <uses-permission android:name="android.permission.WAKE_LOCK" />
24-->[com.google.android.gms:play-services-measurement:21.2.1] AndroidManifest.xml:25:5-68
24-->[com.google.android.gms:play-services-measurement:21.2.1] AndroidManifest.xml:25:22-65
25    <uses-permission android:name="com.google.android.finsky.permission.BIND_GET_INSTALL_REFERRER_SERVICE" />
25-->[com.google.android.gms:play-services-measurement:21.2.1] AndroidManifest.xml:26:5-110
25-->[com.google.android.gms:play-services-measurement:21.2.1] AndroidManifest.xml:26:22-107
26    <uses-permission android:name="com.google.android.gms.permission.AD_ID" />
26-->[com.google.android.gms:play-services-measurement-api:21.2.1] AndroidManifest.xml:25:5-79
26-->[com.google.android.gms:play-services-measurement-api:21.2.1] AndroidManifest.xml:25:22-76
27
28    <permission
28-->[androidx.core:core:1.9.0] AndroidManifest.xml:22:5-24:47
29        android:name="com.example.twsela.DYNAMIC_RECEIVER_NOT_EXPORTED_PERMISSION"
29-->[androidx.core:core:1.9.0] AndroidManifest.xml:23:9-81
30        android:protectionLevel="signature" />
30-->[androidx.core:core:1.9.0] AndroidManifest.xml:24:9-44
31
32    <uses-permission android:name="com.example.twsela.DYNAMIC_RECEIVER_NOT_EXPORTED_PERMISSION" />
32-->[androidx.core:core:1.9.0] AndroidManifest.xml:26:5-97
32-->[androidx.core:core:1.9.0] AndroidManifest.xml:26:22-94
33
34    <application
35        android:name="android.app.Application"
35-->src\main\AndroidManifest.xml:5:9-42
36        android:appComponentFactory="androidx.core.app.CoreComponentFactory"
36-->[androidx.core:core:1.9.0] AndroidManifest.xml:28:18-86
37        android:icon="@mipmap/ic_launcher"
37-->src\main\AndroidManifest.xml:6:9-43
38        android:label="twsela" >
38-->src\main\AndroidManifest.xml:4:9-31
39        <activity
39-->src\main\AndroidManifest.xml:7:9-27:20
40            android:name="com.example.twsela.MainActivity"
40-->src\main\AndroidManifest.xml:8:13-41
41            android:configChanges="orientation|keyboardHidden|keyboard|screenSize|smallestScreenSize|locale|layoutDirection|fontScale|screenLayout|density|uiMode"
41-->src\main\AndroidManifest.xml:12:13-163
42            android:exported="true"
42-->src\main\AndroidManifest.xml:9:13-36
43            android:hardwareAccelerated="true"
43-->src\main\AndroidManifest.xml:13:13-47
44            android:launchMode="singleTop"
44-->src\main\AndroidManifest.xml:10:13-43
45            android:theme="@style/LaunchTheme"
45-->src\main\AndroidManifest.xml:11:13-47
46            android:windowSoftInputMode="adjustResize" >
46-->src\main\AndroidManifest.xml:14:13-55
47
48            <!--
49                 Specifies an Android theme to apply to this Activity as soon as
50                 the Android process has started. This theme is visible to the user
51                 while the Flutter UI initializes. After that, this theme continues
52                 to determine the Window background behind the Flutter UI.
53            -->
54            <meta-data
54-->src\main\AndroidManifest.xml:19:13-22:17
55                android:name="io.flutter.embedding.android.NormalTheme"
55-->src\main\AndroidManifest.xml:20:15-70
56                android:resource="@style/NormalTheme" />
56-->src\main\AndroidManifest.xml:21:15-52
57
58            <intent-filter>
58-->src\main\AndroidManifest.xml:23:13-26:29
59                <action android:name="android.intent.action.MAIN" />
59-->src\main\AndroidManifest.xml:24:17-68
59-->src\main\AndroidManifest.xml:24:25-66
60
61                <category android:name="android.intent.category.LAUNCHER" />
61-->src\main\AndroidManifest.xml:25:17-76
61-->src\main\AndroidManifest.xml:25:27-74
62            </intent-filter>
63        </activity>
64        <!--
65             Don't delete the meta-data below.
66             This is used by the Flutter tool to generate GeneratedPluginRegistrant.java
67        -->
68        <meta-data
68-->src\main\AndroidManifest.xml:30:9-32:33
69            android:name="flutterEmbedding"
69-->src\main\AndroidManifest.xml:31:13-44
70            android:value="2" />
70-->src\main\AndroidManifest.xml:32:13-30
71
72        <provider
72-->[:image_picker_android] AndroidManifest.xml:10:9-18:20
73            android:name="io.flutter.plugins.imagepicker.ImagePickerFileProvider"
73-->[:image_picker_android] AndroidManifest.xml:11:13-82
74            android:authorities="com.example.twsela.flutter.image_provider"
74-->[:image_picker_android] AndroidManifest.xml:12:13-74
75            android:exported="false"
75-->[:image_picker_android] AndroidManifest.xml:13:13-37
76            android:grantUriPermissions="true" >
76-->[:image_picker_android] AndroidManifest.xml:14:13-47
77            <meta-data
77-->[:image_picker_android] AndroidManifest.xml:15:13-17:75
78                android:name="android.support.FILE_PROVIDER_PATHS"
78-->[:image_picker_android] AndroidManifest.xml:16:17-67
79                android:resource="@xml/flutter_image_picker_file_paths" />
79-->[:image_picker_android] AndroidManifest.xml:17:17-72
80        </provider> <!-- Needs to be explicitly declared on P+ -->
81        <uses-library
81-->[com.google.android.gms:play-services-maps:18.1.0] AndroidManifest.xml:39:9-41:40
82            android:name="org.apache.http.legacy"
82-->[com.google.android.gms:play-services-maps:18.1.0] AndroidManifest.xml:40:13-50
83            android:required="false" />
83-->[com.google.android.gms:play-services-maps:18.1.0] AndroidManifest.xml:41:13-37
84
85        <activity
85-->[com.google.android.gms:play-services-base:18.0.1] AndroidManifest.xml:20:9-22:45
86            android:name="com.google.android.gms.common.api.GoogleApiActivity"
86-->[com.google.android.gms:play-services-base:18.0.1] AndroidManifest.xml:20:19-85
87            android:exported="false"
87-->[com.google.android.gms:play-services-base:18.0.1] AndroidManifest.xml:22:19-43
88            android:theme="@android:style/Theme.Translucent.NoTitleBar" />
88-->[com.google.android.gms:play-services-base:18.0.1] AndroidManifest.xml:21:19-78
89
90        <receiver
90-->[com.google.android.gms:play-services-measurement:21.2.1] AndroidManifest.xml:29:9-33:20
91            android:name="com.google.android.gms.measurement.AppMeasurementReceiver"
91-->[com.google.android.gms:play-services-measurement:21.2.1] AndroidManifest.xml:30:13-85
92            android:enabled="true"
92-->[com.google.android.gms:play-services-measurement:21.2.1] AndroidManifest.xml:31:13-35
93            android:exported="false" >
93-->[com.google.android.gms:play-services-measurement:21.2.1] AndroidManifest.xml:32:13-37
94        </receiver>
95
96        <service
96-->[com.google.android.gms:play-services-measurement:21.2.1] AndroidManifest.xml:35:9-38:40
97            android:name="com.google.android.gms.measurement.AppMeasurementService"
97-->[com.google.android.gms:play-services-measurement:21.2.1] AndroidManifest.xml:36:13-84
98            android:enabled="true"
98-->[com.google.android.gms:play-services-measurement:21.2.1] AndroidManifest.xml:37:13-35
99            android:exported="false" />
99-->[com.google.android.gms:play-services-measurement:21.2.1] AndroidManifest.xml:38:13-37
100        <service
100-->[com.google.android.gms:play-services-measurement:21.2.1] AndroidManifest.xml:39:9-43:72
101            android:name="com.google.android.gms.measurement.AppMeasurementJobService"
101-->[com.google.android.gms:play-services-measurement:21.2.1] AndroidManifest.xml:40:13-87
102            android:enabled="true"
102-->[com.google.android.gms:play-services-measurement:21.2.1] AndroidManifest.xml:41:13-35
103            android:exported="false"
103-->[com.google.android.gms:play-services-measurement:21.2.1] AndroidManifest.xml:42:13-37
104            android:permission="android.permission.BIND_JOB_SERVICE" />
104-->[com.google.android.gms:play-services-measurement:21.2.1] AndroidManifest.xml:43:13-69
105        <service
105-->[com.google.android.gms:play-services-measurement-api:21.2.1] AndroidManifest.xml:28:9-34:19
106            android:name="com.google.firebase.components.ComponentDiscoveryService"
106-->[com.google.android.gms:play-services-measurement-api:21.2.1] AndroidManifest.xml:29:13-84
107            android:directBootAware="true"
107-->[com.google.firebase:firebase-common:20.3.2] AndroidManifest.xml:34:13-43
108            android:exported="false" >
108-->[com.google.android.gms:play-services-measurement-api:21.2.1] AndroidManifest.xml:30:13-37
109            <meta-data
109-->[com.google.android.gms:play-services-measurement-api:21.2.1] AndroidManifest.xml:31:13-33:85
110                android:name="com.google.firebase.components:com.google.firebase.analytics.connector.internal.AnalyticsConnectorRegistrar"
110-->[com.google.android.gms:play-services-measurement-api:21.2.1] AndroidManifest.xml:32:17-139
111                android:value="com.google.firebase.components.ComponentRegistrar" />
111-->[com.google.android.gms:play-services-measurement-api:21.2.1] AndroidManifest.xml:33:17-82
112            <meta-data
112-->[com.google.firebase:firebase-installations:17.1.3] AndroidManifest.xml:17:13-19:85
113                android:name="com.google.firebase.components:com.google.firebase.installations.FirebaseInstallationsRegistrar"
113-->[com.google.firebase:firebase-installations:17.1.3] AndroidManifest.xml:18:17-127
114                android:value="com.google.firebase.components.ComponentRegistrar" />
114-->[com.google.firebase:firebase-installations:17.1.3] AndroidManifest.xml:19:17-82
115        </service>
116
117        <provider
117-->[com.google.firebase:firebase-common:20.3.2] AndroidManifest.xml:25:9-30:39
118            android:name="com.google.firebase.provider.FirebaseInitProvider"
118-->[com.google.firebase:firebase-common:20.3.2] AndroidManifest.xml:26:13-77
119            android:authorities="com.example.twsela.firebaseinitprovider"
119-->[com.google.firebase:firebase-common:20.3.2] AndroidManifest.xml:27:13-72
120            android:directBootAware="true"
120-->[com.google.firebase:firebase-common:20.3.2] AndroidManifest.xml:28:13-43
121            android:exported="false"
121-->[com.google.firebase:firebase-common:20.3.2] AndroidManifest.xml:29:13-37
122            android:initOrder="100" />
122-->[com.google.firebase:firebase-common:20.3.2] AndroidManifest.xml:30:13-36
123
124        <meta-data
124-->[com.google.android.gms:play-services-basement:18.1.0] AndroidManifest.xml:21:9-23:69
125            android:name="com.google.android.gms.version"
125-->[com.google.android.gms:play-services-basement:18.1.0] AndroidManifest.xml:22:13-58
126            android:value="@integer/google_play_services_version" />
126-->[com.google.android.gms:play-services-basement:18.1.0] AndroidManifest.xml:23:13-66
127
128        <uses-library
128-->[androidx.window:window:1.0.0-beta04] AndroidManifest.xml:25:9-27:40
129            android:name="androidx.window.extensions"
129-->[androidx.window:window:1.0.0-beta04] AndroidManifest.xml:26:13-54
130            android:required="false" />
130-->[androidx.window:window:1.0.0-beta04] AndroidManifest.xml:27:13-37
131        <uses-library
131-->[androidx.window:window:1.0.0-beta04] AndroidManifest.xml:28:9-30:40
132            android:name="androidx.window.sidecar"
132-->[androidx.window:window:1.0.0-beta04] AndroidManifest.xml:29:13-51
133            android:required="false" />
133-->[androidx.window:window:1.0.0-beta04] AndroidManifest.xml:30:13-37
134    </application>
135
136</manifest>